<?xml version="1.0" encoding="UTF-8"?>
<!-- Generated by org.testng.reporters.JUnitReportReporter -->
<testsuite hostname="NODHCMSLTP2317" name="TestCases.DDTwithExcel" tests="4" failures="0" timestamp="3 Sep 2017 15:41:00 GMT" time="20.347" errors="0">
  <testcase name="createAccount" time="4.817" classname="TestCases.DDTwithExcel"/>
  <testcase name="createAccount" time="4.835" classname="TestCases.DDTwithExcel"/>
  <testcase name="createAccount" time="5.363" classname="TestCases.DDTwithExcel"/>
  <testcase name="createAccount" time="5.332" classname="TestCases.DDTwithExcel"/>
</testsuite> <!-- TestCases.DDTwithExcel -->
