<?xml version="1.0" encoding="UTF-8"?>
<!-- Generated by org.testng.reporters.JUnitReportReporter -->
<testsuite hostname="NODHCMSLTP2317" name="TestCases.DDTwithExcel1" tests="3" failures="0" timestamp="3 Sep 2017 16:24:27 GMT" time="12.355" errors="0">
  <testcase name="createAccount" time="4.065" classname="TestCases.DDTwithExcel1"/>
  <testcase name="createAccount" time="5.471" classname="TestCases.DDTwithExcel1"/>
  <testcase name="createAccount" time="2.819" classname="TestCases.DDTwithExcel1"/>
</testsuite> <!-- TestCases.DDTwithExcel1 -->
