<?xml version="1.0" encoding="UTF-8"?>
<!-- Generated by org.testng.reporters.JUnitReportReporter -->
<testsuite hostname="NODHCMSLTP2317" name="TestCases.ReportDemo1" tests="1" failures="0" timestamp="2 Sep 2017 18:14:20 GMT" time="0.843" errors="0">
  <testcase name="test1" time="0.843" classname="TestCases.ReportDemo1"/>
</testsuite> <!-- TestCases.ReportDemo1 -->
