<?xml version="1.0" encoding="UTF-8"?>
<!-- Generated by org.testng.reporters.JUnitReportReporter -->
<testsuite hostname="NODHCMSLTP2317" name="TestCases.DDT" tests="2" failures="0" timestamp="13 Aug 2017 14:38:56 GMT" time="8.488" errors="0">
  <testcase name="createAccount" time="4.125" classname="TestCases.DDT"/>
  <testcase name="createAccount" time="4.363" classname="TestCases.DDT"/>
</testsuite> <!-- TestCases.DDT -->
